2020-09-20 15:52:21,422 INFO org.hibernate.validator.internal.util.Version [background-preinit] HV000001: Hibernate Validator 6.1.5.Final
2020-09-20 15:52:21,444 INFO org.springframework.boot.StartupInfoLogger [restartedMain] Starting ChallengeApplication on DESKTOP-20IGKJF with PID 17328 (C:\Work\MyGit\Study\wallmart-search-backend\BackEndChallenge\target\classes started by yasser in C:\Work\MyGit\Study\wallmart-search-backend\BackEndChallenge)
2020-09-20 15:52:21,445 INFO org.springframework.boot.SpringApplication [restartedMain] No active profile set, falling back to default profiles: default
2020-09-20 15:52:21,511 INFO org.springframework.boot.logging.DeferredLog [restartedMain] The Class-Path manifest attribute in C:\Users\yasser\.m2\repository\org\glassfish\hk2\hk2\2.6.1\hk2-2.6.1.jar referenced one or more files that do not exist: file:/C:/Users/yasser/.m2/repository/org/glassfish/hk2/hk2/2.6.1/hk2-utils.jar,file:/C:/Users/yasser/.m2/repository/org/glassfish/hk2/hk2/2.6.1/jakarta.annotation-api.jar,file:/C:/Users/yasser/.m2/repository/org/glassfish/hk2/hk2/2.6.1/jakarta.inject.jar,file:/C:/Users/yasser/.m2/repository/org/glassfish/hk2/hk2/2.6.1/hk2-api.jar,file:/C:/Users/yasser/.m2/repository/org/glassfish/hk2/hk2/2.6.1/aopalliance-repackaged.jar,file:/C:/Users/yasser/.m2/repository/org/glassfish/hk2/hk2/2.6.1/hk2-core.jar,file:/C:/Users/yasser/.m2/repository/org/glassfish/hk2/hk2/2.6.1/hk2-locator.jar,file:/C:/Users/yasser/.m2/repository/org/glassfish/hk2/hk2/2.6.1/javassist.jar,file:/C:/Users/yasser/.m2/repository/org/glassfish/hk2/hk2/2.6.1/hk2-runlevel.jar,file:/C:/Users/yasser/.m2/repository/org/glassfish/hk2/hk2/2.6.1/class-model.jar,file:/C:/Users/yasser/.m2/repository/org/glassfish/hk2/hk2/2.6.1/asm.jar,file:/C:/Users/yasser/.m2/repository/org/glassfish/hk2/hk2/2.6.1/asm-analysis.jar,file:/C:/Users/yasser/.m2/repository/org/glassfish/hk2/hk2/2.6.1/asm-commons.jar,file:/C:/Users/yasser/.m2/repository/org/glassfish/hk2/hk2/2.6.1/asm-tree.jar,file:/C:/Users/yasser/.m2/repository/org/glassfish/hk2/hk2/2.6.1/asm-util.jar
2020-09-20 15:52:21,512 INFO org.springframework.boot.logging.DeferredLog [restartedMain] Devtools property defaults active! Set 'spring.devtools.add-properties' to 'false' to disable
2020-09-20 15:52:21,512 INFO org.springframework.boot.logging.DeferredLog [restartedMain] For additional web related logging consider setting the 'logging.level.web' property to 'DEBUG'
2020-09-20 15:52:22,115 INFO org.springframework.data.repository.config.RepositoryConfigurationDelegate [restartedMain] Bootstrapping Spring Data MongoDB repositories in DEFAULT mode.
2020-09-20 15:52:22,172 INFO org.springframework.data.repository.config.RepositoryConfigurationDelegate [restartedMain] Finished Spring Data repository scanning in 52ms. Found 1 MongoDB repository interfaces.
2020-09-20 15:52:22,528 INFO org.springframework.boot.web.embedded.tomcat.TomcatWebServer [restartedMain] Tomcat initialized with port(s): 8080 (http)
2020-09-20 15:52:22,535 INFO org.apache.juli.logging.DirectJDKLog [restartedMain] Initializing ProtocolHandler ["http-nio-8080"]
2020-09-20 15:52:22,535 INFO org.apache.juli.logging.DirectJDKLog [restartedMain] Starting service [Tomcat]
2020-09-20 15:52:22,536 INFO org.apache.juli.logging.DirectJDKLog [restartedMain] Starting Servlet engine: [Apache Tomcat/9.0.37]
2020-09-20 15:52:22,666 INFO org.apache.juli.logging.DirectJDKLog [restartedMain] Initializing Spring embedded WebApplicationContext
2020-09-20 15:52:22,666 INFO org.springframework.boot.web.servlet.context.ServletWebServerApplicationContext [restartedMain] Root WebApplicationContext: initialization completed in 1154 ms
2020-09-20 15:52:22,781 INFO com.mongodb.diagnostics.logging.SLF4JLogger [restartedMain] Cluster created with settings {hosts=[192.168.1.84:27017], mode=SINGLE, requiredClusterType=UNKNOWN, serverSelectionTimeout='30000 ms'}
2020-09-20 15:52:22,824 INFO com.mongodb.diagnostics.logging.SLF4JLogger [cluster-ClusterId{value='5f67a4e675147a37a53bfabd', description='null'}-192.168.1.84:27017] Opened connection [connectionId{localValue:1, serverValue:5}] to 192.168.1.84:27017
2020-09-20 15:52:22,831 INFO com.mongodb.diagnostics.logging.SLF4JLogger [cluster-ClusterId{value='5f67a4e675147a37a53bfabd', description='null'}-192.168.1.84:27017] Monitor thread successfully connected to server with description ServerDescription{address=192.168.1.84:27017, type=STANDALONE, state=CONNECTED, ok=true, minWireVersion=0, maxWireVersion=6, maxDocumentSize=16777216, logicalSessionTimeoutMinutes=30, roundTripTimeNanos=5106600}
2020-09-20 15:52:22,995 INFO org.springframework.boot.devtools.autoconfigure.OptionalLiveReloadServer [restartedMain] LiveReload server is running on port 35729
2020-09-20 15:52:23,096 INFO org.dozer.config.GlobalSettings [restartedMain] Trying to find Dozer configuration file: dozer.properties
2020-09-20 15:52:23,100 WARN org.dozer.config.GlobalSettings [restartedMain] Dozer configuration file not found: dozer.properties.  Using defaults for all Dozer global properties.
2020-09-20 15:52:23,101 INFO org.dozer.DozerInitializer [restartedMain] Initializing Dozer. Version: 5.5.0, Thread Name: restartedMain
2020-09-20 15:52:23,103 INFO org.dozer.jmx.JMXPlatformImpl [restartedMain] Dozer JMX MBean [org.dozer.jmx:type=DozerStatisticsController] auto registered with the Platform MBean Server
2020-09-20 15:52:23,104 INFO org.dozer.jmx.JMXPlatformImpl [restartedMain] Dozer JMX MBean [org.dozer.jmx:type=DozerAdminController] auto registered with the Platform MBean Server
2020-09-20 15:52:23,104 INFO org.dozer.DozerBeanMapper [restartedMain] Initializing a new instance of dozer bean mapper.
2020-09-20 15:52:23,114 INFO org.springframework.scheduling.concurrent.ExecutorConfigurationSupport [restartedMain] Initializing ExecutorService
2020-09-20 15:52:23,116 INFO org.springframework.scheduling.concurrent.ExecutorConfigurationSupport [restartedMain] Initializing ExecutorService 'miEjecutadorHilos'
2020-09-20 15:52:23,350 INFO org.apache.juli.logging.DirectJDKLog [restartedMain] Starting ProtocolHandler ["http-nio-8080"]
2020-09-20 15:52:23,365 INFO org.springframework.boot.web.embedded.tomcat.TomcatWebServer [restartedMain] Tomcat started on port(s): 8080 (http) with context path ''
2020-09-20 15:52:23,372 INFO org.springframework.boot.StartupInfoLogger [restartedMain] Started ChallengeApplication in 2.335 seconds (JVM running for 3.166)
2020-09-20 15:53:10,025 INFO org.apache.juli.logging.DirectJDKLog [http-nio-8080-exec-1] Initializing Spring DispatcherServlet 'dispatcherServlet'
2020-09-20 15:53:10,025 INFO org.springframework.web.servlet.FrameworkServlet [http-nio-8080-exec-1] Initializing Servlet 'dispatcherServlet'
2020-09-20 15:53:10,029 INFO org.springframework.web.servlet.FrameworkServlet [http-nio-8080-exec-1] Completed initialization in 4 ms
2020-09-20 15:53:10,337 INFO com.mongodb.diagnostics.logging.SLF4JLogger [Async-3] Opened connection [connectionId{localValue:2, serverValue:6}] to 192.168.1.84:27017
2020-09-20 17:06:19,368 INFO org.hibernate.validator.internal.util.Version [background-preinit] HV000001: Hibernate Validator 6.1.5.Final
2020-09-20 17:06:19,384 INFO org.springframework.boot.StartupInfoLogger [restartedMain] Starting ChallengeApplication on DESKTOP-20IGKJF with PID 1952 (C:\Work\MyGit\Study\wallmart-search-backend\BackEndChallenge\target\classes started by yasser in C:\Work\MyGit\Study\wallmart-search-backend\BackEndChallenge)
2020-09-20 17:06:19,384 INFO org.springframework.boot.SpringApplication [restartedMain] No active profile set, falling back to default profiles: default
2020-09-20 17:06:19,462 INFO org.springframework.boot.logging.DeferredLog [restartedMain] The Class-Path manifest attribute in C:\Users\yasser\.m2\repository\org\glassfish\hk2\hk2\2.6.1\hk2-2.6.1.jar referenced one or more files that do not exist: file:/C:/Users/yasser/.m2/repository/org/glassfish/hk2/hk2/2.6.1/hk2-utils.jar,file:/C:/Users/yasser/.m2/repository/org/glassfish/hk2/hk2/2.6.1/jakarta.annotation-api.jar,file:/C:/Users/yasser/.m2/repository/org/glassfish/hk2/hk2/2.6.1/jakarta.inject.jar,file:/C:/Users/yasser/.m2/repository/org/glassfish/hk2/hk2/2.6.1/hk2-api.jar,file:/C:/Users/yasser/.m2/repository/org/glassfish/hk2/hk2/2.6.1/aopalliance-repackaged.jar,file:/C:/Users/yasser/.m2/repository/org/glassfish/hk2/hk2/2.6.1/hk2-core.jar,file:/C:/Users/yasser/.m2/repository/org/glassfish/hk2/hk2/2.6.1/hk2-locator.jar,file:/C:/Users/yasser/.m2/repository/org/glassfish/hk2/hk2/2.6.1/javassist.jar,file:/C:/Users/yasser/.m2/repository/org/glassfish/hk2/hk2/2.6.1/hk2-runlevel.jar,file:/C:/Users/yasser/.m2/repository/org/glassfish/hk2/hk2/2.6.1/class-model.jar,file:/C:/Users/yasser/.m2/repository/org/glassfish/hk2/hk2/2.6.1/asm.jar,file:/C:/Users/yasser/.m2/repository/org/glassfish/hk2/hk2/2.6.1/asm-analysis.jar,file:/C:/Users/yasser/.m2/repository/org/glassfish/hk2/hk2/2.6.1/asm-commons.jar,file:/C:/Users/yasser/.m2/repository/org/glassfish/hk2/hk2/2.6.1/asm-tree.jar,file:/C:/Users/yasser/.m2/repository/org/glassfish/hk2/hk2/2.6.1/asm-util.jar
2020-09-20 17:06:19,478 INFO org.springframework.boot.logging.DeferredLog [restartedMain] Devtools property defaults active! Set 'spring.devtools.add-properties' to 'false' to disable
2020-09-20 17:06:19,478 INFO org.springframework.boot.logging.DeferredLog [restartedMain] For additional web related logging consider setting the 'logging.level.web' property to 'DEBUG'
2020-09-20 17:06:20,039 INFO org.springframework.data.repository.config.RepositoryConfigurationDelegate [restartedMain] Bootstrapping Spring Data MongoDB repositories in DEFAULT mode.
2020-09-20 17:06:20,086 INFO org.springframework.data.repository.config.RepositoryConfigurationDelegate [restartedMain] Finished Spring Data repository scanning in 48ms. Found 1 MongoDB repository interfaces.
2020-09-20 17:06:20,461 INFO org.springframework.boot.web.embedded.tomcat.TomcatWebServer [restartedMain] Tomcat initialized with port(s): 8080 (http)
2020-09-20 17:06:20,461 INFO org.apache.juli.logging.DirectJDKLog [restartedMain] Initializing ProtocolHandler ["http-nio-8080"]
2020-09-20 17:06:20,461 INFO org.apache.juli.logging.DirectJDKLog [restartedMain] Starting service [Tomcat]
2020-09-20 17:06:20,461 INFO org.apache.juli.logging.DirectJDKLog [restartedMain] Starting Servlet engine: [Apache Tomcat/9.0.37]
2020-09-20 17:06:20,554 INFO org.apache.juli.logging.DirectJDKLog [restartedMain] Initializing Spring embedded WebApplicationContext
2020-09-20 17:06:20,554 INFO org.springframework.boot.web.servlet.context.ServletWebServerApplicationContext [restartedMain] Root WebApplicationContext: initialization completed in 1076 ms
2020-09-20 17:06:20,664 INFO com.mongodb.diagnostics.logging.SLF4JLogger [restartedMain] Cluster created with settings {hosts=[192.168.1.84:27017], mode=SINGLE, requiredClusterType=UNKNOWN, serverSelectionTimeout='30000 ms'}
2020-09-20 17:06:20,711 INFO com.mongodb.diagnostics.logging.SLF4JLogger [cluster-ClusterId{value='5f67b63cedc57715a928a6d4', description='null'}-192.168.1.84:27017] Opened connection [connectionId{localValue:1, serverValue:7}] to 192.168.1.84:27017
2020-09-20 17:06:20,726 INFO com.mongodb.diagnostics.logging.SLF4JLogger [cluster-ClusterId{value='5f67b63cedc57715a928a6d4', description='null'}-192.168.1.84:27017] Monitor thread successfully connected to server with description ServerDescription{address=192.168.1.84:27017, type=STANDALONE, state=CONNECTED, ok=true, minWireVersion=0, maxWireVersion=6, maxDocumentSize=16777216, logicalSessionTimeoutMinutes=30, roundTripTimeNanos=11819200}
2020-09-20 17:06:20,851 INFO org.springframework.boot.devtools.autoconfigure.OptionalLiveReloadServer [restartedMain] LiveReload server is running on port 35729
2020-09-20 17:06:20,961 INFO org.dozer.config.GlobalSettings [restartedMain] Trying to find Dozer configuration file: dozer.properties
2020-09-20 17:06:20,961 WARN org.dozer.config.GlobalSettings [restartedMain] Dozer configuration file not found: dozer.properties.  Using defaults for all Dozer global properties.
2020-09-20 17:06:20,961 INFO org.dozer.DozerInitializer [restartedMain] Initializing Dozer. Version: 5.5.0, Thread Name: restartedMain
2020-09-20 17:06:20,961 INFO org.dozer.jmx.JMXPlatformImpl [restartedMain] Dozer JMX MBean [org.dozer.jmx:type=DozerStatisticsController] auto registered with the Platform MBean Server
2020-09-20 17:06:20,961 INFO org.dozer.jmx.JMXPlatformImpl [restartedMain] Dozer JMX MBean [org.dozer.jmx:type=DozerAdminController] auto registered with the Platform MBean Server
2020-09-20 17:06:20,961 INFO org.dozer.DozerBeanMapper [restartedMain] Initializing a new instance of dozer bean mapper.
2020-09-20 17:06:20,976 INFO org.springframework.scheduling.concurrent.ExecutorConfigurationSupport [restartedMain] Initializing ExecutorService
2020-09-20 17:06:20,976 INFO org.springframework.scheduling.concurrent.ExecutorConfigurationSupport [restartedMain] Initializing ExecutorService 'miEjecutadorHilos'
2020-09-20 17:06:21,211 INFO org.apache.juli.logging.DirectJDKLog [restartedMain] Starting ProtocolHandler ["http-nio-8080"]
2020-09-20 17:06:21,226 INFO org.springframework.boot.web.embedded.tomcat.TomcatWebServer [restartedMain] Tomcat started on port(s): 8080 (http) with context path ''
2020-09-20 17:06:21,242 INFO org.springframework.boot.StartupInfoLogger [restartedMain] Started ChallengeApplication in 2.542 seconds (JVM running for 3.788)
2020-09-20 17:06:50,450 INFO org.apache.juli.logging.DirectJDKLog [http-nio-8080-exec-4] Initializing Spring DispatcherServlet 'dispatcherServlet'
2020-09-20 17:06:50,451 INFO org.springframework.web.servlet.FrameworkServlet [http-nio-8080-exec-4] Initializing Servlet 'dispatcherServlet'
2020-09-20 17:06:50,455 INFO org.springframework.web.servlet.FrameworkServlet [http-nio-8080-exec-4] Completed initialization in 4 ms
2020-09-20 17:06:50,746 INFO com.mongodb.diagnostics.logging.SLF4JLogger [Async-1] Opened connection [connectionId{localValue:2, serverValue:8}] to 192.168.1.84:27017
2020-09-20 17:08:39,768 INFO org.hibernate.validator.internal.util.Version [background-preinit] HV000001: Hibernate Validator 6.1.5.Final
2020-09-20 17:08:39,795 INFO org.springframework.boot.StartupInfoLogger [restartedMain] Starting ChallengeApplication on DESKTOP-20IGKJF with PID 11992 (C:\Work\MyGit\Study\wallmart-search-backend\BackEndChallenge\target\classes started by yasser in C:\Work\MyGit\Study\wallmart-search-backend\BackEndChallenge)
2020-09-20 17:08:39,796 INFO org.springframework.boot.SpringApplication [restartedMain] No active profile set, falling back to default profiles: default
2020-09-20 17:08:39,837 INFO org.springframework.boot.logging.DeferredLog [restartedMain] The Class-Path manifest attribute in C:\Users\yasser\.m2\repository\org\glassfish\hk2\hk2\2.6.1\hk2-2.6.1.jar referenced one or more files that do not exist: file:/C:/Users/yasser/.m2/repository/org/glassfish/hk2/hk2/2.6.1/hk2-utils.jar,file:/C:/Users/yasser/.m2/repository/org/glassfish/hk2/hk2/2.6.1/jakarta.annotation-api.jar,file:/C:/Users/yasser/.m2/repository/org/glassfish/hk2/hk2/2.6.1/jakarta.inject.jar,file:/C:/Users/yasser/.m2/repository/org/glassfish/hk2/hk2/2.6.1/hk2-api.jar,file:/C:/Users/yasser/.m2/repository/org/glassfish/hk2/hk2/2.6.1/aopalliance-repackaged.jar,file:/C:/Users/yasser/.m2/repository/org/glassfish/hk2/hk2/2.6.1/hk2-core.jar,file:/C:/Users/yasser/.m2/repository/org/glassfish/hk2/hk2/2.6.1/hk2-locator.jar,file:/C:/Users/yasser/.m2/repository/org/glassfish/hk2/hk2/2.6.1/javassist.jar,file:/C:/Users/yasser/.m2/repository/org/glassfish/hk2/hk2/2.6.1/hk2-runlevel.jar,file:/C:/Users/yasser/.m2/repository/org/glassfish/hk2/hk2/2.6.1/class-model.jar,file:/C:/Users/yasser/.m2/repository/org/glassfish/hk2/hk2/2.6.1/asm.jar,file:/C:/Users/yasser/.m2/repository/org/glassfish/hk2/hk2/2.6.1/asm-analysis.jar,file:/C:/Users/yasser/.m2/repository/org/glassfish/hk2/hk2/2.6.1/asm-commons.jar,file:/C:/Users/yasser/.m2/repository/org/glassfish/hk2/hk2/2.6.1/asm-tree.jar,file:/C:/Users/yasser/.m2/repository/org/glassfish/hk2/hk2/2.6.1/asm-util.jar
2020-09-20 17:08:39,837 INFO org.springframework.boot.logging.DeferredLog [restartedMain] Devtools property defaults active! Set 'spring.devtools.add-properties' to 'false' to disable
2020-09-20 17:08:39,837 INFO org.springframework.boot.logging.DeferredLog [restartedMain] For additional web related logging consider setting the 'logging.level.web' property to 'DEBUG'
2020-09-20 17:08:40,337 INFO org.springframework.data.repository.config.RepositoryConfigurationDelegate [restartedMain] Bootstrapping Spring Data MongoDB repositories in DEFAULT mode.
2020-09-20 17:08:40,384 INFO org.springframework.data.repository.config.RepositoryConfigurationDelegate [restartedMain] Finished Spring Data repository scanning in 43ms. Found 1 MongoDB repository interfaces.
2020-09-20 17:08:40,726 INFO org.springframework.boot.web.embedded.tomcat.TomcatWebServer [restartedMain] Tomcat initialized with port(s): 8080 (http)
2020-09-20 17:08:40,732 INFO org.apache.juli.logging.DirectJDKLog [restartedMain] Initializing ProtocolHandler ["http-nio-8080"]
2020-09-20 17:08:40,733 INFO org.apache.juli.logging.DirectJDKLog [restartedMain] Starting service [Tomcat]
2020-09-20 17:08:40,733 INFO org.apache.juli.logging.DirectJDKLog [restartedMain] Starting Servlet engine: [Apache Tomcat/9.0.37]
2020-09-20 17:08:40,826 INFO org.apache.juli.logging.DirectJDKLog [restartedMain] Initializing Spring embedded WebApplicationContext
2020-09-20 17:08:40,827 INFO org.springframework.boot.web.servlet.context.ServletWebServerApplicationContext [restartedMain] Root WebApplicationContext: initialization completed in 990 ms
2020-09-20 17:08:40,932 INFO com.mongodb.diagnostics.logging.SLF4JLogger [restartedMain] Cluster created with settings {hosts=[192.168.1.84:27017], mode=SINGLE, requiredClusterType=UNKNOWN, serverSelectionTimeout='30000 ms'}
2020-09-20 17:08:40,977 INFO com.mongodb.diagnostics.logging.SLF4JLogger [cluster-ClusterId{value='5f67b6c8a7c00c51ca173aa0', description='null'}-192.168.1.84:27017] Opened connection [connectionId{localValue:1, serverValue:9}] to 192.168.1.84:27017
2020-09-20 17:08:40,982 INFO com.mongodb.diagnostics.logging.SLF4JLogger [cluster-ClusterId{value='5f67b6c8a7c00c51ca173aa0', description='null'}-192.168.1.84:27017] Monitor thread successfully connected to server with description ServerDescription{address=192.168.1.84:27017, type=STANDALONE, state=CONNECTED, ok=true, minWireVersion=0, maxWireVersion=6, maxDocumentSize=16777216, logicalSessionTimeoutMinutes=30, roundTripTimeNanos=4007700}
2020-09-20 17:08:41,118 INFO org.springframework.boot.devtools.autoconfigure.OptionalLiveReloadServer [restartedMain] LiveReload server is running on port 35729
2020-09-20 17:08:41,215 INFO org.dozer.config.GlobalSettings [restartedMain] Trying to find Dozer configuration file: dozer.properties
2020-09-20 17:08:41,219 WARN org.dozer.config.GlobalSettings [restartedMain] Dozer configuration file not found: dozer.properties.  Using defaults for all Dozer global properties.
2020-09-20 17:08:41,220 INFO org.dozer.DozerInitializer [restartedMain] Initializing Dozer. Version: 5.5.0, Thread Name: restartedMain
2020-09-20 17:08:41,223 INFO org.dozer.jmx.JMXPlatformImpl [restartedMain] Dozer JMX MBean [org.dozer.jmx:type=DozerStatisticsController] auto registered with the Platform MBean Server
2020-09-20 17:08:41,224 INFO org.dozer.jmx.JMXPlatformImpl [restartedMain] Dozer JMX MBean [org.dozer.jmx:type=DozerAdminController] auto registered with the Platform MBean Server
2020-09-20 17:08:41,225 INFO org.dozer.DozerBeanMapper [restartedMain] Initializing a new instance of dozer bean mapper.
2020-09-20 17:08:41,234 INFO org.springframework.scheduling.concurrent.ExecutorConfigurationSupport [restartedMain] Initializing ExecutorService
2020-09-20 17:08:41,235 INFO org.springframework.scheduling.concurrent.ExecutorConfigurationSupport [restartedMain] Initializing ExecutorService 'miEjecutadorHilos'
2020-09-20 17:08:41,466 INFO org.apache.juli.logging.DirectJDKLog [restartedMain] Starting ProtocolHandler ["http-nio-8080"]
2020-09-20 17:08:41,481 INFO org.springframework.boot.web.embedded.tomcat.TomcatWebServer [restartedMain] Tomcat started on port(s): 8080 (http) with context path ''
2020-09-20 17:08:41,487 INFO org.springframework.boot.StartupInfoLogger [restartedMain] Started ChallengeApplication in 2.092 seconds (JVM running for 2.792)
2020-09-20 17:18:16,338 INFO org.apache.juli.logging.DirectJDKLog [http-nio-8080-exec-1] Initializing Spring DispatcherServlet 'dispatcherServlet'
2020-09-20 17:18:16,338 INFO org.springframework.web.servlet.FrameworkServlet [http-nio-8080-exec-1] Initializing Servlet 'dispatcherServlet'
2020-09-20 17:18:16,354 INFO org.springframework.web.servlet.FrameworkServlet [http-nio-8080-exec-1] Completed initialization in 16 ms
2020-09-20 17:18:16,663 INFO com.mongodb.diagnostics.logging.SLF4JLogger [Async-3] Opened connection [connectionId{localValue:2, serverValue:10}] to 192.168.1.84:27017
2020-09-20 17:25:17,044 ERROR com.wallmart.challenge.Controllers.ProductsController [http-nio-8080-exec-8] Product not found by criteria
2020-09-20 17:25:17,050 WARN org.springframework.web.servlet.handler.AbstractHandlerExceptionResolver [http-nio-8080-exec-8] Resolved [com.wallmart.challenge.Exceptions.NotFound.NotFoundException: Lo sentimos no se encontro el producto]
2020-09-20 17:25:54,757 ERROR com.wallmart.challenge.Controllers.ProductsController [http-nio-8080-exec-5] Product not found by criteria
2020-09-20 17:25:54,757 WARN org.springframework.web.servlet.handler.AbstractHandlerExceptionResolver [http-nio-8080-exec-5] Resolved [com.wallmart.challenge.Exceptions.NotFound.NotFoundException: Lo sentimos no se encontro el producto]
2020-09-20 17:27:06,376 ERROR com.wallmart.challenge.Controllers.ProductsController [http-nio-8080-exec-4] Product not found by criteria
2020-09-20 17:27:06,377 WARN org.springframework.web.servlet.handler.AbstractHandlerExceptionResolver [http-nio-8080-exec-4] Resolved [com.wallmart.challenge.Exceptions.NotFound.NotFoundException: Lo sentimos no se encontro el producto]
2020-09-20 17:27:21,252 ERROR com.wallmart.challenge.Controllers.ProductsController [http-nio-8080-exec-9] Product not found by criteria
2020-09-20 17:27:21,252 WARN org.springframework.web.servlet.handler.AbstractHandlerExceptionResolver [http-nio-8080-exec-9] Resolved [com.wallmart.challenge.Exceptions.NotFound.NotFoundException: Lo sentimos no se encontro el producto]
2020-09-20 22:47:05,617 INFO org.hibernate.validator.internal.util.Version [background-preinit] HV000001: Hibernate Validator 6.1.5.Final
2020-09-20 22:47:05,637 INFO org.springframework.boot.StartupInfoLogger [restartedMain] Starting ChallengeApplication on yasser-Nitro-AN515-42 with PID 27169 (/home/yasser/Documentos/wallmart-search-backend/backendchallenge/target/classes started by root in /home/yasser/Documentos/wallmart-search-backend/backendchallenge)
2020-09-20 22:47:05,638 INFO org.springframework.boot.SpringApplication [restartedMain] No active profile set, falling back to default profiles: default
2020-09-20 22:47:05,704 INFO org.springframework.boot.logging.DeferredLog [restartedMain] The Class-Path manifest attribute in /root/.m2/repository/org/glassfish/hk2/hk2/2.6.1/hk2-2.6.1.jar referenced one or more files that do not exist: file:/root/.m2/repository/org/glassfish/hk2/hk2/2.6.1/hk2-utils.jar,file:/root/.m2/repository/org/glassfish/hk2/hk2/2.6.1/jakarta.annotation-api.jar,file:/root/.m2/repository/org/glassfish/hk2/hk2/2.6.1/jakarta.inject.jar,file:/root/.m2/repository/org/glassfish/hk2/hk2/2.6.1/hk2-api.jar,file:/root/.m2/repository/org/glassfish/hk2/hk2/2.6.1/aopalliance-repackaged.jar,file:/root/.m2/repository/org/glassfish/hk2/hk2/2.6.1/hk2-core.jar,file:/root/.m2/repository/org/glassfish/hk2/hk2/2.6.1/hk2-locator.jar,file:/root/.m2/repository/org/glassfish/hk2/hk2/2.6.1/javassist.jar,file:/root/.m2/repository/org/glassfish/hk2/hk2/2.6.1/hk2-runlevel.jar,file:/root/.m2/repository/org/glassfish/hk2/hk2/2.6.1/class-model.jar,file:/root/.m2/repository/org/glassfish/hk2/hk2/2.6.1/asm.jar,file:/root/.m2/repository/org/glassfish/hk2/hk2/2.6.1/asm-analysis.jar,file:/root/.m2/repository/org/glassfish/hk2/hk2/2.6.1/asm-commons.jar,file:/root/.m2/repository/org/glassfish/hk2/hk2/2.6.1/asm-tree.jar,file:/root/.m2/repository/org/glassfish/hk2/hk2/2.6.1/asm-util.jar
2020-09-20 22:47:05,705 INFO org.springframework.boot.logging.DeferredLog [restartedMain] Devtools property defaults active! Set 'spring.devtools.add-properties' to 'false' to disable
2020-09-20 22:47:05,705 INFO org.springframework.boot.logging.DeferredLog [restartedMain] For additional web related logging consider setting the 'logging.level.web' property to 'DEBUG'
2020-09-20 22:47:06,382 INFO org.springframework.data.repository.config.RepositoryConfigurationDelegate [restartedMain] Bootstrapping Spring Data MongoDB repositories in DEFAULT mode.
2020-09-20 22:47:06,444 INFO org.springframework.data.repository.config.RepositoryConfigurationDelegate [restartedMain] Finished Spring Data repository scanning in 58ms. Found 1 MongoDB repository interfaces.
2020-09-20 22:47:06,855 INFO org.springframework.boot.web.embedded.tomcat.TomcatWebServer [restartedMain] Tomcat initialized with port(s): 8080 (http)
2020-09-20 22:47:06,864 INFO org.apache.juli.logging.DirectJDKLog [restartedMain] Initializing ProtocolHandler ["http-nio-8080"]
2020-09-20 22:47:06,865 INFO org.apache.juli.logging.DirectJDKLog [restartedMain] Starting service [Tomcat]
2020-09-20 22:47:06,865 INFO org.apache.juli.logging.DirectJDKLog [restartedMain] Starting Servlet engine: [Apache Tomcat/9.0.37]
2020-09-20 22:47:06,909 INFO org.apache.juli.logging.DirectJDKLog [restartedMain] Initializing Spring embedded WebApplicationContext
2020-09-20 22:47:06,910 INFO org.springframework.boot.web.servlet.context.ServletWebServerApplicationContext [restartedMain] Root WebApplicationContext: initialization completed in 1204 ms
2020-09-20 22:47:07,008 INFO com.mongodb.diagnostics.logging.SLF4JLogger [restartedMain] Cluster created with settings {hosts=[localhost:27017], mode=SINGLE, requiredClusterType=UNKNOWN, serverSelectionTimeout='30000 ms'}
2020-09-20 22:47:07,044 INFO com.mongodb.diagnostics.logging.SLF4JLogger [cluster-ClusterId{value='5f68061bb17edd4c9d16120a', description='null'}-localhost:27017] Opened connection [connectionId{localValue:1, serverValue:7}] to localhost:27017
2020-09-20 22:47:07,048 INFO com.mongodb.diagnostics.logging.SLF4JLogger [cluster-ClusterId{value='5f68061bb17edd4c9d16120a', description='null'}-localhost:27017] Monitor thread successfully connected to server with description ServerDescription{address=localhost:27017, type=STANDALONE, state=CONNECTED, ok=true, minWireVersion=0, maxWireVersion=6, maxDocumentSize=16777216, logicalSessionTimeoutMinutes=30, roundTripTimeNanos=2510783}
2020-09-20 22:47:07,218 INFO org.springframework.boot.devtools.autoconfigure.OptionalLiveReloadServer [restartedMain] LiveReload server is running on port 35729
2020-09-20 22:47:07,387 INFO org.dozer.config.GlobalSettings [restartedMain] Trying to find Dozer configuration file: dozer.properties
2020-09-20 22:47:07,390 WARN org.dozer.config.GlobalSettings [restartedMain] Dozer configuration file not found: dozer.properties.  Using defaults for all Dozer global properties.
2020-09-20 22:47:07,392 INFO org.dozer.DozerInitializer [restartedMain] Initializing Dozer. Version: 5.5.0, Thread Name: restartedMain
2020-09-20 22:47:07,394 INFO org.dozer.jmx.JMXPlatformImpl [restartedMain] Dozer JMX MBean [org.dozer.jmx:type=DozerStatisticsController] auto registered with the Platform MBean Server
2020-09-20 22:47:07,395 INFO org.dozer.jmx.JMXPlatformImpl [restartedMain] Dozer JMX MBean [org.dozer.jmx:type=DozerAdminController] auto registered with the Platform MBean Server
2020-09-20 22:47:07,396 INFO org.dozer.DozerBeanMapper [restartedMain] Initializing a new instance of dozer bean mapper.
2020-09-20 22:47:07,406 INFO org.springframework.scheduling.concurrent.ExecutorConfigurationSupport [restartedMain] Initializing ExecutorService
2020-09-20 22:47:07,408 INFO org.springframework.scheduling.concurrent.ExecutorConfigurationSupport [restartedMain] Initializing ExecutorService 'miEjecutadorHilos'
2020-09-20 22:47:07,730 INFO org.apache.juli.logging.DirectJDKLog [restartedMain] Starting ProtocolHandler ["http-nio-8080"]
2020-09-20 22:47:07,754 INFO org.springframework.boot.web.embedded.tomcat.TomcatWebServer [restartedMain] Tomcat started on port(s): 8080 (http) with context path ''
2020-09-20 22:47:07,764 INFO org.springframework.boot.StartupInfoLogger [restartedMain] Started ChallengeApplication in 2.573 seconds (JVM running for 3.247)
2020-09-20 22:49:04,575 INFO org.apache.juli.logging.DirectJDKLog [http-nio-8080-exec-1] Initializing Spring DispatcherServlet 'dispatcherServlet'
2020-09-20 22:49:04,575 INFO org.springframework.web.servlet.FrameworkServlet [http-nio-8080-exec-1] Initializing Servlet 'dispatcherServlet'
2020-09-20 22:49:04,582 INFO org.springframework.web.servlet.FrameworkServlet [http-nio-8080-exec-1] Completed initialization in 7 ms
2020-09-20 22:49:04,737 INFO com.mongodb.diagnostics.logging.SLF4JLogger [Async-3] Opened connection [connectionId{localValue:2, serverValue:8}] to localhost:27017
2020-09-20 23:02:04,404 INFO org.springframework.scheduling.concurrent.ExecutorConfigurationSupport [SpringContextShutdownHook] Shutting down ExecutorService 'miEjecutadorHilos'
2020-09-20 23:02:04,411 INFO com.mongodb.diagnostics.logging.SLF4JLogger [SpringContextShutdownHook] Closed connection [connectionId{localValue:2, serverValue:8}] to localhost:27017 because the pool has been closed.
2020-09-20 23:17:57,808 INFO org.hibernate.validator.internal.util.Version [background-preinit] HV000001: Hibernate Validator 6.1.5.Final
2020-09-20 23:17:57,818 INFO org.springframework.boot.StartupInfoLogger [main] Starting ChallengeApplicationTests on yasser-Nitro-AN515-42 with PID 29819 (started by root in /home/yasser/Documentos/wallmart-search-backend/backendchallenge)
2020-09-20 23:17:57,819 INFO org.springframework.boot.SpringApplication [main] No active profile set, falling back to default profiles: default
2020-09-20 23:17:58,508 INFO org.springframework.data.repository.config.RepositoryConfigurationDelegate [main] Bootstrapping Spring Data MongoDB repositories in DEFAULT mode.
2020-09-20 23:17:58,571 INFO org.springframework.data.repository.config.RepositoryConfigurationDelegate [main] Finished Spring Data repository scanning in 59ms. Found 1 MongoDB repository interfaces.
2020-09-20 23:17:59,022 INFO com.mongodb.diagnostics.logging.SLF4JLogger [main] Cluster created with settings {hosts=[localhost:27017], mode=SINGLE, requiredClusterType=UNKNOWN, serverSelectionTimeout='30000 ms'}
2020-09-20 23:17:59,096 INFO com.mongodb.diagnostics.logging.SLF4JLogger [cluster-ClusterId{value='5f680d57c8509019aebcb3db', description='null'}-localhost:27017] Opened connection [connectionId{localValue:1, serverValue:9}] to localhost:27017
2020-09-20 23:17:59,102 INFO com.mongodb.diagnostics.logging.SLF4JLogger [cluster-ClusterId{value='5f680d57c8509019aebcb3db', description='null'}-localhost:27017] Monitor thread successfully connected to server with description ServerDescription{address=localhost:27017, type=STANDALONE, state=CONNECTED, ok=true, minWireVersion=0, maxWireVersion=6, maxDocumentSize=16777216, logicalSessionTimeoutMinutes=30, roundTripTimeNanos=3643515}
2020-09-20 23:17:59,402 INFO org.dozer.DozerBeanMapper [main] Initializing a new instance of dozer bean mapper.
2020-09-20 23:17:59,417 INFO org.springframework.scheduling.concurrent.ExecutorConfigurationSupport [main] Initializing ExecutorService
2020-09-20 23:17:59,426 INFO org.springframework.scheduling.concurrent.ExecutorConfigurationSupport [main] Initializing ExecutorService 'miEjecutadorHilos'
2020-09-20 23:18:00,258 INFO org.springframework.boot.StartupInfoLogger [main] Started ChallengeApplicationTests in 2.77 seconds (JVM running for 4.071)
2020-09-20 23:18:00,724 INFO com.wallmart.challenge.Controllers.ProductsControllerTest [main] Obtener Listado de productos :: inicio de test
2020-09-20 23:18:00,776 INFO com.wallmart.challenge.Controllers.ProductsControllerTest [main] Obtener Listado de productos :: fin de test
2020-09-20 23:18:00,782 INFO com.wallmart.challenge.Controllers.ProductsControllerTest [main] Obtener Productos  by Description Or Brand haciendo busqueda asincrona :: inicio de test
2020-09-20 23:18:00,784 INFO com.wallmart.challenge.Controllers.ProductsControllerTest [main] Obtener Productos  by Description Or Brand haciendo busqueda asincrona :: fin de test
2020-09-20 23:18:00,785 INFO com.wallmart.challenge.Controllers.ProductsControllerTest [main] Obtener Productos  by Id haciendo busqueda asincrona :: inicio de test
2020-09-20 23:18:00,787 INFO com.wallmart.challenge.Controllers.ProductsControllerTest [main] Obtener Productos  by Id haciendo busqueda asincrona :: fin de test
2020-09-20 23:18:00,791 INFO org.springframework.test.context.support.AbstractTestContextBootstrapper [main] Neither @ContextConfiguration nor @ContextHierarchy found for test class [com.wallmart.challenge.Services.ProductServiceImplTest], using SpringBootContextLoader
2020-09-20 23:18:00,792 INFO org.springframework.test.context.support.AbstractContextLoader [main] Could not detect default resource locations for test class [com.wallmart.challenge.Services.ProductServiceImplTest]: no resource found for suffixes {-context.xml, Context.groovy}.
2020-09-20 23:18:00,793 INFO org.springframework.test.context.support.AnnotationConfigContextLoaderUtils [main] Could not detect default configuration classes for test class [com.wallmart.challenge.Services.ProductServiceImplTest]: ProductServiceImplTest does not declare any static, non-private, non-final, nested classes annotated with @Configuration.
2020-09-20 23:18:00,799 INFO org.springframework.boot.test.context.SpringBootTestContextBootstrapper [main] Found @SpringBootConfiguration com.wallmart.challenge.ChallengeApplication for test class com.wallmart.challenge.Services.ProductServiceImplTest
2020-09-20 23:18:00,801 INFO org.springframework.test.context.support.AbstractTestContextBootstrapper [main] Loaded default TestExecutionListener class names from location [META-INF/spring.factories]: [org.springframework.boot.test.mock.mockito.MockitoTestExecutionListener, org.springframework.boot.test.mock.mockito.ResetMocksTestExecutionListener, org.springframework.boot.test.autoconfigure.restdocs.RestDocsTestExecutionListener, org.springframework.boot.test.autoconfigure.web.client.MockRestServiceServerResetTestExecutionListener, org.springframework.boot.test.autoconfigure.web.servlet.MockMvcPrintOnlyOnFailureTestExecutionListener, org.springframework.boot.test.autoconfigure.web.servlet.WebDriverTestExecutionListener, org.springframework.boot.test.autoconfigure.webservices.client.MockWebServiceServerTestExecutionListener, org.springframework.test.context.web.ServletTestExecutionListener, org.springframework.test.context.support.DirtiesContextBeforeModesTestExecutionListener, org.springframework.test.context.support.DependencyInjectionTestExecutionListener, org.springframework.test.context.support.DirtiesContextTestExecutionListener, org.springframework.test.context.transaction.TransactionalTestExecutionListener, org.springframework.test.context.jdbc.SqlScriptsTestExecutionListener, org.springframework.test.context.event.EventPublishingTestExecutionListener]
2020-09-20 23:18:00,802 INFO org.springframework.test.context.support.AbstractTestContextBootstrapper [main] Using TestExecutionListeners: [org.springframework.test.context.web.ServletTestExecutionListener@3f857e08, org.springframework.test.context.support.DirtiesContextBeforeModesTestExecutionListener@6070775e, org.springframework.boot.test.mock.mockito.MockitoTestExecutionListener@b5ac0c1, org.springframework.boot.test.autoconfigure.SpringBootDependencyInjectionTestExecutionListener@224c7de4, org.springframework.test.context.support.DirtiesContextTestExecutionListener@36ad229b, org.springframework.test.context.transaction.TransactionalTestExecutionListener@55846997, org.springframework.test.context.jdbc.SqlScriptsTestExecutionListener@805e72e, org.springframework.test.context.event.EventPublishingTestExecutionListener@49671897, org.springframework.boot.test.mock.mockito.ResetMocksTestExecutionListener@168142da, org.springframework.boot.test.autoconfigure.restdocs.RestDocsTestExecutionListener@60bf494c, org.springframework.boot.test.autoconfigure.web.client.MockRestServiceServerResetTestExecutionListener@47a4eee2, org.springframework.boot.test.autoconfigure.web.servlet.MockMvcPrintOnlyOnFailureTestExecutionListener@36f6e521, org.springframework.boot.test.autoconfigure.web.servlet.WebDriverTestExecutionListener@2afdf6b7, org.springframework.boot.test.autoconfigure.webservices.client.MockWebServiceServerTestExecutionListener@30922f8d]
2020-09-20 23:18:00,879 INFO org.dozer.DozerBeanMapper [main] Initializing a new instance of dozer bean mapper.
2020-09-20 23:18:00,894 INFO org.dozer.DozerBeanMapper [main] Initializing a new instance of dozer bean mapper.
2020-09-20 23:18:00,906 INFO org.dozer.DozerBeanMapper [main] Initializing a new instance of dozer bean mapper.
2020-09-20 23:18:00,913 INFO org.dozer.DozerBeanMapper [main] Initializing a new instance of dozer bean mapper.
2020-09-20 23:18:00,919 INFO org.dozer.DozerBeanMapper [main] Initializing a new instance of dozer bean mapper.
2020-09-20 23:18:00,927 INFO org.dozer.DozerBeanMapper [main] Initializing a new instance of dozer bean mapper.
2020-09-20 23:18:00,946 INFO org.springframework.scheduling.concurrent.ExecutorConfigurationSupport [SpringContextShutdownHook] Shutting down ExecutorService 'miEjecutadorHilos'
2020-09-20 23:19:01,205 INFO org.hibernate.validator.internal.util.Version [background-preinit] HV000001: Hibernate Validator 6.1.5.Final
2020-09-20 23:19:01,208 INFO org.springframework.boot.StartupInfoLogger [main] Starting ChallengeApplicationTests on yasser-Nitro-AN515-42 with PID 30087 (started by root in /home/yasser/Documentos/wallmart-search-backend/backendchallenge)
2020-09-20 23:19:01,210 INFO org.springframework.boot.SpringApplication [main] No active profile set, falling back to default profiles: default
2020-09-20 23:19:01,859 INFO org.springframework.data.repository.config.RepositoryConfigurationDelegate [main] Bootstrapping Spring Data MongoDB repositories in DEFAULT mode.
2020-09-20 23:19:01,926 INFO org.springframework.data.repository.config.RepositoryConfigurationDelegate [main] Finished Spring Data repository scanning in 62ms. Found 1 MongoDB repository interfaces.
2020-09-20 23:19:02,421 INFO com.mongodb.diagnostics.logging.SLF4JLogger [main] Cluster created with settings {hosts=[localhost:27017], mode=SINGLE, requiredClusterType=UNKNOWN, serverSelectionTimeout='30000 ms'}
2020-09-20 23:19:02,497 INFO com.mongodb.diagnostics.logging.SLF4JLogger [cluster-ClusterId{value='5f680d96e85745590f695dc5', description='null'}-localhost:27017] Opened connection [connectionId{localValue:1, serverValue:10}] to localhost:27017
2020-09-20 23:19:02,503 INFO com.mongodb.diagnostics.logging.SLF4JLogger [cluster-ClusterId{value='5f680d96e85745590f695dc5', description='null'}-localhost:27017] Monitor thread successfully connected to server with description ServerDescription{address=localhost:27017, type=STANDALONE, state=CONNECTED, ok=true, minWireVersion=0, maxWireVersion=6, maxDocumentSize=16777216, logicalSessionTimeoutMinutes=30, roundTripTimeNanos=3472812}
2020-09-20 23:19:02,887 INFO org.dozer.DozerBeanMapper [main] Initializing a new instance of dozer bean mapper.
2020-09-20 23:19:02,901 INFO org.springframework.scheduling.concurrent.ExecutorConfigurationSupport [main] Initializing ExecutorService
2020-09-20 23:19:02,911 INFO org.springframework.scheduling.concurrent.ExecutorConfigurationSupport [main] Initializing ExecutorService 'miEjecutadorHilos'
2020-09-20 23:19:03,762 INFO org.springframework.boot.StartupInfoLogger [main] Started ChallengeApplicationTests in 2.867 seconds (JVM running for 4.083)
2020-09-20 23:19:04,260 INFO com.wallmart.challenge.Controllers.ProductsControllerTest [main] Obtener Listado de productos :: inicio de test
2020-09-20 23:19:04,327 INFO com.wallmart.challenge.Controllers.ProductsControllerTest [main] Obtener Listado de productos :: fin de test
2020-09-20 23:19:04,334 INFO com.wallmart.challenge.Controllers.ProductsControllerTest [main] Obtener Productos  by Description Or Brand haciendo busqueda asincrona :: inicio de test
2020-09-20 23:19:04,337 INFO com.wallmart.challenge.Controllers.ProductsControllerTest [main] Obtener Productos  by Description Or Brand haciendo busqueda asincrona :: fin de test
2020-09-20 23:19:04,338 INFO com.wallmart.challenge.Controllers.ProductsControllerTest [main] Obtener Productos  by Id haciendo busqueda asincrona :: inicio de test
2020-09-20 23:19:04,341 INFO com.wallmart.challenge.Controllers.ProductsControllerTest [main] Obtener Productos  by Id haciendo busqueda asincrona :: fin de test
2020-09-20 23:19:04,346 INFO org.springframework.test.context.support.AbstractTestContextBootstrapper [main] Neither @ContextConfiguration nor @ContextHierarchy found for test class [com.wallmart.challenge.Services.ProductServiceImplTest], using SpringBootContextLoader
2020-09-20 23:19:04,348 INFO org.springframework.test.context.support.AbstractContextLoader [main] Could not detect default resource locations for test class [com.wallmart.challenge.Services.ProductServiceImplTest]: no resource found for suffixes {-context.xml, Context.groovy}.
2020-09-20 23:19:04,348 INFO org.springframework.test.context.support.AnnotationConfigContextLoaderUtils [main] Could not detect default configuration classes for test class [com.wallmart.challenge.Services.ProductServiceImplTest]: ProductServiceImplTest does not declare any static, non-private, non-final, nested classes annotated with @Configuration.
2020-09-20 23:19:04,355 INFO org.springframework.boot.test.context.SpringBootTestContextBootstrapper [main] Found @SpringBootConfiguration com.wallmart.challenge.ChallengeApplication for test class com.wallmart.challenge.Services.ProductServiceImplTest
2020-09-20 23:19:04,357 INFO org.springframework.test.context.support.AbstractTestContextBootstrapper [main] Loaded default TestExecutionListener class names from location [META-INF/spring.factories]: [org.springframework.boot.test.mock.mockito.MockitoTestExecutionListener, org.springframework.boot.test.mock.mockito.ResetMocksTestExecutionListener, org.springframework.boot.test.autoconfigure.restdocs.RestDocsTestExecutionListener, org.springframework.boot.test.autoconfigure.web.client.MockRestServiceServerResetTestExecutionListener, org.springframework.boot.test.autoconfigure.web.servlet.MockMvcPrintOnlyOnFailureTestExecutionListener, org.springframework.boot.test.autoconfigure.web.servlet.WebDriverTestExecutionListener, org.springframework.boot.test.autoconfigure.webservices.client.MockWebServiceServerTestExecutionListener, org.springframework.test.context.web.ServletTestExecutionListener, org.springframework.test.context.support.DirtiesContextBeforeModesTestExecutionListener, org.springframework.test.context.support.DependencyInjectionTestExecutionListener, org.springframework.test.context.support.DirtiesContextTestExecutionListener, org.springframework.test.context.transaction.TransactionalTestExecutionListener, org.springframework.test.context.jdbc.SqlScriptsTestExecutionListener, org.springframework.test.context.event.EventPublishingTestExecutionListener]
2020-09-20 23:19:04,358 INFO org.springframework.test.context.support.AbstractTestContextBootstrapper [main] Using TestExecutionListeners: [org.springframework.test.context.web.ServletTestExecutionListener@586495f1, org.springframework.test.context.support.DirtiesContextBeforeModesTestExecutionListener@47df5041, org.springframework.boot.test.mock.mockito.MockitoTestExecutionListener@2a0ea492, org.springframework.boot.test.autoconfigure.SpringBootDependencyInjectionTestExecutionListener@7e52a26b, org.springframework.test.context.support.DirtiesContextTestExecutionListener@2e56b4d, org.springframework.test.context.transaction.TransactionalTestExecutionListener@3f857e08, org.springframework.test.context.jdbc.SqlScriptsTestExecutionListener@6070775e, org.springframework.test.context.event.EventPublishingTestExecutionListener@b5ac0c1, org.springframework.boot.test.mock.mockito.ResetMocksTestExecutionListener@224c7de4, org.springframework.boot.test.autoconfigure.restdocs.RestDocsTestExecutionListener@36ad229b, org.springframework.boot.test.autoconfigure.web.client.MockRestServiceServerResetTestExecutionListener@55846997, org.springframework.boot.test.autoconfigure.web.servlet.MockMvcPrintOnlyOnFailureTestExecutionListener@805e72e, org.springframework.boot.test.autoconfigure.web.servlet.WebDriverTestExecutionListener@49671897, org.springframework.boot.test.autoconfigure.webservices.client.MockWebServiceServerTestExecutionListener@168142da]
2020-09-20 23:19:04,430 INFO org.dozer.DozerBeanMapper [main] Initializing a new instance of dozer bean mapper.
2020-09-20 23:19:04,443 INFO org.dozer.DozerBeanMapper [main] Initializing a new instance of dozer bean mapper.
2020-09-20 23:19:04,456 INFO org.dozer.DozerBeanMapper [main] Initializing a new instance of dozer bean mapper.
2020-09-20 23:19:04,462 INFO org.dozer.DozerBeanMapper [main] Initializing a new instance of dozer bean mapper.
2020-09-20 23:19:04,470 INFO org.dozer.DozerBeanMapper [main] Initializing a new instance of dozer bean mapper.
2020-09-20 23:19:04,478 INFO org.dozer.DozerBeanMapper [main] Initializing a new instance of dozer bean mapper.
2020-09-20 23:19:04,497 INFO org.springframework.scheduling.concurrent.ExecutorConfigurationSupport [SpringContextShutdownHook] Shutting down ExecutorService 'miEjecutadorHilos'
2020-09-20 23:26:25,837 INFO org.hibernate.validator.internal.util.Version [background-preinit] HV000001: Hibernate Validator 6.1.5.Final
2020-09-20 23:26:25,845 INFO org.springframework.boot.StartupInfoLogger [main] Starting ChallengeApplicationTests on yasser-Nitro-AN515-42 with PID 30518 (started by root in /home/yasser/Documentos/wallmart-search-backend/backendchallenge)
2020-09-20 23:26:25,847 INFO org.springframework.boot.SpringApplication [main] No active profile set, falling back to default profiles: default
2020-09-20 23:26:26,540 INFO org.springframework.data.repository.config.RepositoryConfigurationDelegate [main] Bootstrapping Spring Data MongoDB repositories in DEFAULT mode.
2020-09-20 23:26:26,624 INFO org.springframework.data.repository.config.RepositoryConfigurationDelegate [main] Finished Spring Data repository scanning in 78ms. Found 1 MongoDB repository interfaces.
2020-09-20 23:26:27,074 INFO com.mongodb.diagnostics.logging.SLF4JLogger [main] Cluster created with settings {hosts=[localhost:27017], mode=SINGLE, requiredClusterType=UNKNOWN, serverSelectionTimeout='30000 ms'}
2020-09-20 23:26:27,147 INFO com.mongodb.diagnostics.logging.SLF4JLogger [cluster-ClusterId{value='5f680f532d89122075bdcd14', description='null'}-localhost:27017] Opened connection [connectionId{localValue:1, serverValue:11}] to localhost:27017
2020-09-20 23:26:27,153 INFO com.mongodb.diagnostics.logging.SLF4JLogger [cluster-ClusterId{value='5f680f532d89122075bdcd14', description='null'}-localhost:27017] Monitor thread successfully connected to server with description ServerDescription{address=localhost:27017, type=STANDALONE, state=CONNECTED, ok=true, minWireVersion=0, maxWireVersion=6, maxDocumentSize=16777216, logicalSessionTimeoutMinutes=30, roundTripTimeNanos=4335912}
2020-09-20 23:26:27,472 INFO org.dozer.DozerBeanMapper [main] Initializing a new instance of dozer bean mapper.
2020-09-20 23:26:27,490 INFO org.springframework.scheduling.concurrent.ExecutorConfigurationSupport [main] Initializing ExecutorService
2020-09-20 23:26:27,506 INFO org.springframework.scheduling.concurrent.ExecutorConfigurationSupport [main] Initializing ExecutorService 'miEjecutadorHilos'
2020-09-20 23:26:28,352 INFO org.springframework.boot.StartupInfoLogger [main] Started ChallengeApplicationTests in 2.864 seconds (JVM running for 4.205)
2020-09-20 23:26:28,864 INFO com.wallmart.challenge.Controllers.ProductsControllerTest [main] Obtener Listado de productos :: inicio de test
2020-09-20 23:26:28,949 INFO com.wallmart.challenge.Controllers.ProductsControllerTest [main] Obtener Listado de productos :: fin de test
2020-09-20 23:26:28,955 INFO com.wallmart.challenge.Controllers.ProductsControllerTest [main] Obtener Productos  by Description Or Brand haciendo busqueda asincrona :: inicio de test
2020-09-20 23:26:28,957 INFO com.wallmart.challenge.Controllers.ProductsControllerTest [main] Obtener Productos  by Description Or Brand haciendo busqueda asincrona :: fin de test
2020-09-20 23:26:28,958 INFO com.wallmart.challenge.Controllers.ProductsControllerTest [main] Obtener Productos  by Id haciendo busqueda asincrona :: inicio de test
2020-09-20 23:26:28,960 INFO com.wallmart.challenge.Controllers.ProductsControllerTest [main] Obtener Productos  by Id haciendo busqueda asincrona :: fin de test
2020-09-20 23:26:28,965 INFO org.springframework.test.context.support.AbstractTestContextBootstrapper [main] Neither @ContextConfiguration nor @ContextHierarchy found for test class [com.wallmart.challenge.Services.ProductServiceImplTest], using SpringBootContextLoader
2020-09-20 23:26:28,966 INFO org.springframework.test.context.support.AbstractContextLoader [main] Could not detect default resource locations for test class [com.wallmart.challenge.Services.ProductServiceImplTest]: no resource found for suffixes {-context.xml, Context.groovy}.
2020-09-20 23:26:28,967 INFO org.springframework.test.context.support.AnnotationConfigContextLoaderUtils [main] Could not detect default configuration classes for test class [com.wallmart.challenge.Services.ProductServiceImplTest]: ProductServiceImplTest does not declare any static, non-private, non-final, nested classes annotated with @Configuration.
2020-09-20 23:26:28,977 INFO org.springframework.boot.test.context.SpringBootTestContextBootstrapper [main] Found @SpringBootConfiguration com.wallmart.challenge.ChallengeApplication for test class com.wallmart.challenge.Services.ProductServiceImplTest
2020-09-20 23:26:28,981 INFO org.springframework.test.context.support.AbstractTestContextBootstrapper [main] Loaded default TestExecutionListener class names from location [META-INF/spring.factories]: [org.springframework.boot.test.mock.mockito.MockitoTestExecutionListener, org.springframework.boot.test.mock.mockito.ResetMocksTestExecutionListener, org.springframework.boot.test.autoconfigure.restdocs.RestDocsTestExecutionListener, org.springframework.boot.test.autoconfigure.web.client.MockRestServiceServerResetTestExecutionListener, org.springframework.boot.test.autoconfigure.web.servlet.MockMvcPrintOnlyOnFailureTestExecutionListener, org.springframework.boot.test.autoconfigure.web.servlet.WebDriverTestExecutionListener, org.springframework.boot.test.autoconfigure.webservices.client.MockWebServiceServerTestExecutionListener, org.springframework.test.context.web.ServletTestExecutionListener, org.springframework.test.context.support.DirtiesContextBeforeModesTestExecutionListener, org.springframework.test.context.support.DependencyInjectionTestExecutionListener, org.springframework.test.context.support.DirtiesContextTestExecutionListener, org.springframework.test.context.transaction.TransactionalTestExecutionListener, org.springframework.test.context.jdbc.SqlScriptsTestExecutionListener, org.springframework.test.context.event.EventPublishingTestExecutionListener]
2020-09-20 23:26:28,982 INFO org.springframework.test.context.support.AbstractTestContextBootstrapper [main] Using TestExecutionListeners: [org.springframework.test.context.web.ServletTestExecutionListener@49671897, org.springframework.test.context.support.DirtiesContextBeforeModesTestExecutionListener@168142da, org.springframework.boot.test.mock.mockito.MockitoTestExecutionListener@60bf494c, org.springframework.boot.test.autoconfigure.SpringBootDependencyInjectionTestExecutionListener@47a4eee2, org.springframework.test.context.support.DirtiesContextTestExecutionListener@36f6e521, org.springframework.test.context.transaction.TransactionalTestExecutionListener@2afdf6b7, org.springframework.test.context.jdbc.SqlScriptsTestExecutionListener@30922f8d, org.springframework.test.context.event.EventPublishingTestExecutionListener@50211483, org.springframework.boot.test.mock.mockito.ResetMocksTestExecutionListener@51ff3c4b, org.springframework.boot.test.autoconfigure.restdocs.RestDocsTestExecutionListener@1472208d, org.springframework.boot.test.autoconfigure.web.client.MockRestServiceServerResetTestExecutionListener@35bd8bc9, org.springframework.boot.test.autoconfigure.web.servlet.MockMvcPrintOnlyOnFailureTestExecutionListener@6de004f1, org.springframework.boot.test.autoconfigure.web.servlet.WebDriverTestExecutionListener@45d56062, org.springframework.boot.test.autoconfigure.webservices.client.MockWebServiceServerTestExecutionListener@4026461d]
2020-09-20 23:26:29,104 INFO org.dozer.DozerBeanMapper [main] Initializing a new instance of dozer bean mapper.
2020-09-20 23:26:29,122 INFO org.dozer.DozerBeanMapper [main] Initializing a new instance of dozer bean mapper.
2020-09-20 23:26:29,142 INFO org.dozer.DozerBeanMapper [main] Initializing a new instance of dozer bean mapper.
2020-09-20 23:26:29,151 INFO org.dozer.DozerBeanMapper [main] Initializing a new instance of dozer bean mapper.
2020-09-20 23:26:29,160 INFO org.dozer.DozerBeanMapper [main] Initializing a new instance of dozer bean mapper.
2020-09-20 23:26:29,171 INFO org.dozer.DozerBeanMapper [main] Initializing a new instance of dozer bean mapper.
2020-09-20 23:26:29,190 INFO org.springframework.scheduling.concurrent.ExecutorConfigurationSupport [SpringContextShutdownHook] Shutting down ExecutorService 'miEjecutadorHilos'
2020-09-20 23:28:35,104 INFO org.hibernate.validator.internal.util.Version [background-preinit] HV000001: Hibernate Validator 6.1.5.Final
2020-09-20 23:28:35,114 INFO org.springframework.boot.StartupInfoLogger [main] Starting ChallengeApplicationTests on yasser-Nitro-AN515-42 with PID 30718 (started by root in /home/yasser/Documentos/wallmart-search-backend/backendchallenge)
2020-09-20 23:28:35,116 INFO org.springframework.boot.SpringApplication [main] No active profile set, falling back to default profiles: default
2020-09-20 23:28:35,752 INFO org.springframework.data.repository.config.RepositoryConfigurationDelegate [main] Bootstrapping Spring Data MongoDB repositories in DEFAULT mode.
2020-09-20 23:28:35,822 INFO org.springframework.data.repository.config.RepositoryConfigurationDelegate [main] Finished Spring Data repository scanning in 64ms. Found 1 MongoDB repository interfaces.
2020-09-20 23:28:36,328 INFO com.mongodb.diagnostics.logging.SLF4JLogger [main] Cluster created with settings {hosts=[localhost:27017], mode=SINGLE, requiredClusterType=UNKNOWN, serverSelectionTimeout='30000 ms'}
2020-09-20 23:28:36,405 INFO com.mongodb.diagnostics.logging.SLF4JLogger [cluster-ClusterId{value='5f680fd4fe00a24f243d7891', description='null'}-localhost:27017] Opened connection [connectionId{localValue:1, serverValue:12}] to localhost:27017
2020-09-20 23:28:36,411 INFO com.mongodb.diagnostics.logging.SLF4JLogger [cluster-ClusterId{value='5f680fd4fe00a24f243d7891', description='null'}-localhost:27017] Monitor thread successfully connected to server with description ServerDescription{address=localhost:27017, type=STANDALONE, state=CONNECTED, ok=true, minWireVersion=0, maxWireVersion=6, maxDocumentSize=16777216, logicalSessionTimeoutMinutes=30, roundTripTimeNanos=4002912}
2020-09-20 23:28:36,745 INFO org.dozer.DozerBeanMapper [main] Initializing a new instance of dozer bean mapper.
2020-09-20 23:28:36,766 INFO org.springframework.scheduling.concurrent.ExecutorConfigurationSupport [main] Initializing ExecutorService
2020-09-20 23:28:36,781 INFO org.springframework.scheduling.concurrent.ExecutorConfigurationSupport [main] Initializing ExecutorService 'miEjecutadorHilos'
2020-09-20 23:28:37,677 INFO org.springframework.boot.StartupInfoLogger [main] Started ChallengeApplicationTests in 2.881 seconds (JVM running for 4.14)
2020-09-20 23:28:38,175 INFO com.wallmart.challenge.Controllers.ProductsControllerTest [main] Obtener Listado de productos :: inicio de test
2020-09-20 23:28:38,247 INFO com.wallmart.challenge.Controllers.ProductsControllerTest [main] Obtener Listado de productos :: fin de test
2020-09-20 23:28:38,253 INFO com.wallmart.challenge.Controllers.ProductsControllerTest [main] Obtener Productos  by Description Or Brand haciendo busqueda asincrona :: inicio de test
2020-09-20 23:28:38,255 INFO com.wallmart.challenge.Controllers.ProductsControllerTest [main] Obtener Productos  by Description Or Brand haciendo busqueda asincrona :: fin de test
2020-09-20 23:28:38,255 INFO com.wallmart.challenge.Controllers.ProductsControllerTest [main] Obtener Productos  by Id haciendo busqueda asincrona :: inicio de test
2020-09-20 23:28:38,257 INFO com.wallmart.challenge.Controllers.ProductsControllerTest [main] Obtener Productos  by Id haciendo busqueda asincrona :: fin de test
2020-09-20 23:28:38,262 INFO org.springframework.test.context.support.AbstractTestContextBootstrapper [main] Neither @ContextConfiguration nor @ContextHierarchy found for test class [com.wallmart.challenge.Services.ProductServiceImplTest], using SpringBootContextLoader
2020-09-20 23:28:38,263 INFO org.springframework.test.context.support.AbstractContextLoader [main] Could not detect default resource locations for test class [com.wallmart.challenge.Services.ProductServiceImplTest]: no resource found for suffixes {-context.xml, Context.groovy}.
2020-09-20 23:28:38,264 INFO org.springframework.test.context.support.AnnotationConfigContextLoaderUtils [main] Could not detect default configuration classes for test class [com.wallmart.challenge.Services.ProductServiceImplTest]: ProductServiceImplTest does not declare any static, non-private, non-final, nested classes annotated with @Configuration.
2020-09-20 23:28:38,272 INFO org.springframework.boot.test.context.SpringBootTestContextBootstrapper [main] Found @SpringBootConfiguration com.wallmart.challenge.ChallengeApplication for test class com.wallmart.challenge.Services.ProductServiceImplTest
2020-09-20 23:28:38,275 INFO org.springframework.test.context.support.AbstractTestContextBootstrapper [main] Loaded default TestExecutionListener class names from location [META-INF/spring.factories]: [org.springframework.boot.test.mock.mockito.MockitoTestExecutionListener, org.springframework.boot.test.mock.mockito.ResetMocksTestExecutionListener, org.springframework.boot.test.autoconfigure.restdocs.RestDocsTestExecutionListener, org.springframework.boot.test.autoconfigure.web.client.MockRestServiceServerResetTestExecutionListener, org.springframework.boot.test.autoconfigure.web.servlet.MockMvcPrintOnlyOnFailureTestExecutionListener, org.springframework.boot.test.autoconfigure.web.servlet.WebDriverTestExecutionListener, org.springframework.boot.test.autoconfigure.webservices.client.MockWebServiceServerTestExecutionListener, org.springframework.test.context.web.ServletTestExecutionListener, org.springframework.test.context.support.DirtiesContextBeforeModesTestExecutionListener, org.springframework.test.context.support.DependencyInjectionTestExecutionListener, org.springframework.test.context.support.DirtiesContextTestExecutionListener, org.springframework.test.context.transaction.TransactionalTestExecutionListener, org.springframework.test.context.jdbc.SqlScriptsTestExecutionListener, org.springframework.test.context.event.EventPublishingTestExecutionListener]
2020-09-20 23:28:38,276 INFO org.springframework.test.context.support.AbstractTestContextBootstrapper [main] Using TestExecutionListeners: [org.springframework.test.context.web.ServletTestExecutionListener@7c1503a3, org.springframework.test.context.support.DirtiesContextBeforeModesTestExecutionListener@586495f1, org.springframework.boot.test.mock.mockito.MockitoTestExecutionListener@47df5041, org.springframework.boot.test.autoconfigure.SpringBootDependencyInjectionTestExecutionListener@2a0ea492, org.springframework.test.context.support.DirtiesContextTestExecutionListener@7e52a26b, org.springframework.test.context.transaction.TransactionalTestExecutionListener@2e56b4d, org.springframework.test.context.jdbc.SqlScriptsTestExecutionListener@3f857e08, org.springframework.test.context.event.EventPublishingTestExecutionListener@6070775e, org.springframework.boot.test.mock.mockito.ResetMocksTestExecutionListener@b5ac0c1, org.springframework.boot.test.autoconfigure.restdocs.RestDocsTestExecutionListener@224c7de4, org.springframework.boot.test.autoconfigure.web.client.MockRestServiceServerResetTestExecutionListener@36ad229b, org.springframework.boot.test.autoconfigure.web.servlet.MockMvcPrintOnlyOnFailureTestExecutionListener@55846997, org.springframework.boot.test.autoconfigure.web.servlet.WebDriverTestExecutionListener@805e72e, org.springframework.boot.test.autoconfigure.webservices.client.MockWebServiceServerTestExecutionListener@49671897]
2020-09-20 23:28:38,386 INFO org.dozer.DozerBeanMapper [main] Initializing a new instance of dozer bean mapper.
2020-09-20 23:28:38,403 INFO org.dozer.DozerBeanMapper [main] Initializing a new instance of dozer bean mapper.
2020-09-20 23:28:38,421 INFO org.dozer.DozerBeanMapper [main] Initializing a new instance of dozer bean mapper.
2020-09-20 23:28:38,430 INFO org.dozer.DozerBeanMapper [main] Initializing a new instance of dozer bean mapper.
2020-09-20 23:28:38,438 INFO org.dozer.DozerBeanMapper [main] Initializing a new instance of dozer bean mapper.
2020-09-20 23:28:38,446 INFO org.dozer.DozerBeanMapper [main] Initializing a new instance of dozer bean mapper.
2020-09-20 23:28:38,467 INFO org.springframework.scheduling.concurrent.ExecutorConfigurationSupport [SpringContextShutdownHook] Shutting down ExecutorService 'miEjecutadorHilos'
2020-09-20 23:29:06,112 INFO org.springframework.boot.StartupInfoLogger [main] Starting ChallengeApplicationTests on yasser-Nitro-AN515-42 with PID 30830 (started by root in /home/yasser/Documentos/wallmart-search-backend/backendchallenge)
2020-09-20 23:29:06,114 INFO org.springframework.boot.SpringApplication [main] No active profile set, falling back to default profiles: default
2020-09-20 23:29:06,125 INFO org.hibernate.validator.internal.util.Version [background-preinit] HV000001: Hibernate Validator 6.1.5.Final
2020-09-20 23:29:06,803 INFO org.springframework.data.repository.config.RepositoryConfigurationDelegate [main] Bootstrapping Spring Data MongoDB repositories in DEFAULT mode.
2020-09-20 23:29:06,869 INFO org.springframework.data.repository.config.RepositoryConfigurationDelegate [main] Finished Spring Data repository scanning in 59ms. Found 1 MongoDB repository interfaces.
2020-09-20 23:29:07,335 INFO com.mongodb.diagnostics.logging.SLF4JLogger [main] Cluster created with settings {hosts=[localhost:27017], mode=SINGLE, requiredClusterType=UNKNOWN, serverSelectionTimeout='30000 ms'}
2020-09-20 23:29:07,407 INFO com.mongodb.diagnostics.logging.SLF4JLogger [cluster-ClusterId{value='5f680ff37dc1405c8b093a5b', description='null'}-localhost:27017] Opened connection [connectionId{localValue:1, serverValue:13}] to localhost:27017
2020-09-20 23:29:07,413 INFO com.mongodb.diagnostics.logging.SLF4JLogger [cluster-ClusterId{value='5f680ff37dc1405c8b093a5b', description='null'}-localhost:27017] Monitor thread successfully connected to server with description ServerDescription{address=localhost:27017, type=STANDALONE, state=CONNECTED, ok=true, minWireVersion=0, maxWireVersion=6, maxDocumentSize=16777216, logicalSessionTimeoutMinutes=30, roundTripTimeNanos=3647278}
2020-09-20 23:29:07,729 INFO org.dozer.DozerBeanMapper [main] Initializing a new instance of dozer bean mapper.
2020-09-20 23:29:07,745 INFO org.springframework.scheduling.concurrent.ExecutorConfigurationSupport [main] Initializing ExecutorService
2020-09-20 23:29:07,761 INFO org.springframework.scheduling.concurrent.ExecutorConfigurationSupport [main] Initializing ExecutorService 'miEjecutadorHilos'
2020-09-20 23:29:08,636 INFO org.springframework.boot.StartupInfoLogger [main] Started ChallengeApplicationTests in 2.821 seconds (JVM running for 4.074)
2020-09-20 23:29:09,105 INFO com.wallmart.challenge.Controllers.ProductsControllerTest [main] Obtener Listado de productos :: inicio de test
2020-09-20 23:29:09,188 INFO com.wallmart.challenge.Controllers.ProductsControllerTest [main] Obtener Listado de productos :: fin de test
2020-09-20 23:29:09,196 INFO com.wallmart.challenge.Controllers.ProductsControllerTest [main] Obtener Productos  by Description Or Brand haciendo busqueda asincrona :: inicio de test
2020-09-20 23:29:09,198 INFO com.wallmart.challenge.Controllers.ProductsControllerTest [main] Obtener Productos  by Description Or Brand haciendo busqueda asincrona :: fin de test
2020-09-20 23:29:09,198 INFO com.wallmart.challenge.Controllers.ProductsControllerTest [main] Obtener Productos  by Id haciendo busqueda asincrona :: inicio de test
2020-09-20 23:29:09,200 INFO com.wallmart.challenge.Controllers.ProductsControllerTest [main] Obtener Productos  by Id haciendo busqueda asincrona :: fin de test
2020-09-20 23:29:09,205 INFO org.springframework.test.context.support.AbstractTestContextBootstrapper [main] Neither @ContextConfiguration nor @ContextHierarchy found for test class [com.wallmart.challenge.Services.ProductServiceImplTest], using SpringBootContextLoader
2020-09-20 23:29:09,207 INFO org.springframework.test.context.support.AbstractContextLoader [main] Could not detect default resource locations for test class [com.wallmart.challenge.Services.ProductServiceImplTest]: no resource found for suffixes {-context.xml, Context.groovy}.
2020-09-20 23:29:09,208 INFO org.springframework.test.context.support.AnnotationConfigContextLoaderUtils [main] Could not detect default configuration classes for test class [com.wallmart.challenge.Services.ProductServiceImplTest]: ProductServiceImplTest does not declare any static, non-private, non-final, nested classes annotated with @Configuration.
2020-09-20 23:29:09,216 INFO org.springframework.boot.test.context.SpringBootTestContextBootstrapper [main] Found @SpringBootConfiguration com.wallmart.challenge.ChallengeApplication for test class com.wallmart.challenge.Services.ProductServiceImplTest
2020-09-20 23:29:09,219 INFO org.springframework.test.context.support.AbstractTestContextBootstrapper [main] Loaded default TestExecutionListener class names from location [META-INF/spring.factories]: [org.springframework.boot.test.mock.mockito.MockitoTestExecutionListener, org.springframework.boot.test.mock.mockito.ResetMocksTestExecutionListener, org.springframework.boot.test.autoconfigure.restdocs.RestDocsTestExecutionListener, org.springframework.boot.test.autoconfigure.web.client.MockRestServiceServerResetTestExecutionListener, org.springframework.boot.test.autoconfigure.web.servlet.MockMvcPrintOnlyOnFailureTestExecutionListener, org.springframework.boot.test.autoconfigure.web.servlet.WebDriverTestExecutionListener, org.springframework.boot.test.autoconfigure.webservices.client.MockWebServiceServerTestExecutionListener, org.springframework.test.context.web.ServletTestExecutionListener, org.springframework.test.context.support.DirtiesContextBeforeModesTestExecutionListener, org.springframework.test.context.support.DependencyInjectionTestExecutionListener, org.springframework.test.context.support.DirtiesContextTestExecutionListener, org.springframework.test.context.transaction.TransactionalTestExecutionListener, org.springframework.test.context.jdbc.SqlScriptsTestExecutionListener, org.springframework.test.context.event.EventPublishingTestExecutionListener]
2020-09-20 23:29:09,220 INFO org.springframework.test.context.support.AbstractTestContextBootstrapper [main] Using TestExecutionListeners: [org.springframework.test.context.web.ServletTestExecutionListener@50211483, org.springframework.test.context.support.DirtiesContextBeforeModesTestExecutionListener@51ff3c4b, org.springframework.boot.test.mock.mockito.MockitoTestExecutionListener@1472208d, org.springframework.boot.test.autoconfigure.SpringBootDependencyInjectionTestExecutionListener@35bd8bc9, org.springframework.test.context.support.DirtiesContextTestExecutionListener@6de004f1, org.springframework.test.context.transaction.TransactionalTestExecutionListener@45d56062, org.springframework.test.context.jdbc.SqlScriptsTestExecutionListener@4026461d, org.springframework.test.context.event.EventPublishingTestExecutionListener@191c6e13, org.springframework.boot.test.mock.mockito.ResetMocksTestExecutionListener@7436364d, org.springframework.boot.test.autoconfigure.restdocs.RestDocsTestExecutionListener@1a8e9ed9, org.springframework.boot.test.autoconfigure.web.client.MockRestServiceServerResetTestExecutionListener@68ea253b, org.springframework.boot.test.autoconfigure.web.servlet.MockMvcPrintOnlyOnFailureTestExecutionListener@12fcb2c3, org.springframework.boot.test.autoconfigure.web.servlet.WebDriverTestExecutionListener@57bd6a8f, org.springframework.boot.test.autoconfigure.webservices.client.MockWebServiceServerTestExecutionListener@39ab5ef7]
2020-09-20 23:29:09,330 INFO org.dozer.DozerBeanMapper [main] Initializing a new instance of dozer bean mapper.
2020-09-20 23:29:09,346 INFO org.dozer.DozerBeanMapper [main] Initializing a new instance of dozer bean mapper.
2020-09-20 23:29:09,362 INFO org.dozer.DozerBeanMapper [main] Initializing a new instance of dozer bean mapper.
2020-09-20 23:29:09,372 INFO org.dozer.DozerBeanMapper [main] Initializing a new instance of dozer bean mapper.
2020-09-20 23:29:09,380 INFO org.dozer.DozerBeanMapper [main] Initializing a new instance of dozer bean mapper.
2020-09-20 23:29:09,390 INFO org.dozer.DozerBeanMapper [main] Initializing a new instance of dozer bean mapper.
2020-09-20 23:29:09,418 INFO org.springframework.scheduling.concurrent.ExecutorConfigurationSupport [SpringContextShutdownHook] Shutting down ExecutorService 'miEjecutadorHilos'
